<?xml version="1.0" encoding="UTF-8"?>
<!-- Generated by org.testng.reporters.JUnitReportReporter -->
<testsuite skipped="0" hostname="LAPTOP-G3MDKHV7" name="com.piit.ebay.com.test12" tests="1" failures="0" timestamp="25 Apr 2020 00:46:33 GMT" time="0.000" errors="0">
  <testcase name="se" time="0.000" classname="com.piit.ebay.com.test12"/>
</testsuite> <!-- com.piit.ebay.com.test12 -->
