<?xml version="1.0" encoding="UTF-8"?>
<!-- Generated by org.testng.reporters.JUnitReportReporter -->
<testsuite skipped="0" hostname="LAPTOP-G3MDKHV7" name="com.piit.ebay.com.TestEbay" tests="1" failures="0" timestamp="07 Apr 2020 00:42:51 GMT" time="27.061" errors="0">
  <testcase name="f" time="27.061" classname="com.piit.ebay.com.TestEbay"/>
</testsuite> <!-- com.piit.ebay.com.TestEbay -->
